================================================================================
Checkpoint: 5.3.1.1 Ensure latest version of pam is installed (Automated)
Error: Error running playbook generation: Workflow failed: PLAYBOOK_STRUCTURE: FAIL

REQUIREMENT_MAPPING_ERROR: Some requirements are not implemented in the playbook content.

**REQUIREMENT MAPPING VERIFICATION:**
- **Total Requirements in Input:** 4 requirements
- **Data Collection Requirements Found:** 2 requirements
- **Structural Requirements Verified:** 1 requirement

Missing/Not Implemented:
- Requirement 3: "Add comment referencing CIS RHEL 8 Benchmark v4.0.0, checkpoint 5.3.1.1" - The playbook has a variable `cis_reference` but the requirement explicitly asks for a comment. While there is a comment at the very top of the file (`# CIS RHEL 8 Benchmark v4.0.0 checkpoint 5.3.1.1`), this comment is outside the YAML document (before the `---` document start marker). In YAML, comments before `---` are not part of the playbook document structure. The requirement expects a comment within the playbook YAML content.

**Requirements Analysis:**
- Requirement 1: Found in playbook: task "Req 1 - Check PAM package version" exists with command "rpm -q pam" matching requirement
- Requirement 2: Found in playbook: task "Req 2 - Determine overall compliance" exists as a set_fact task that calculates status from req_1
- Requirement 3: NOT FOUND in playbook: No comment referencing CIS RHEL 8 Benchmark v4.0.0, checkpoint 5.3.1.1 exists within the YAML document content (after `---`)
- Requirement 4: Verified in playbook: "Generate compliance report" task exists in playbook content with the required semantic structure. The debug message contains all required elements in the correct order.

**Set_Fact Task Parameters:**
- All `set_fact` tasks do NOT have `ignore_errors` or `failed_when` parameters ✓

**Audit Procedure Compliance:**
- The playbook correctly implements the audit procedure step-by-step logic (single command check)
- Status determination logic attempts to match the version comparison criteria from the requirement (though the logic is complex and potentially flawed, structure verification doesn't assess correctness)
- Overall compliance logic correctly implements the audit procedure (req_2 status depends on req_1)

ADVICE TO UPDATE PLAYBOOK:
1. Add a comment referencing "CIS RHEL 8 Benchmark v4.0.0, checkpoint 5.3.1.1" within the YAML document content, not just as a variable or before the document start.
2. Example fix: Add `# CIS RHEL 8 Benchmark v4.0.0 checkpoint 5.3.1.1` as a comment line within the playbook tasks section or at the beginning of the YAML document after `---`.
3. Alternatively, move the existing comment to be inside the YAML document (after `---` but before the first YAML element).
Timestamp: 2026-02-06T12:25:33.498926
================================================================================

